{"/Users/ty/Documents/Projects/vietaws/vietaws-meetup-10-cdk/backend/lib/api-stack.ts": {"path":"/Users/ty/Documents/Projects/vietaws/vietaws-meetup-10-cdk/backend/lib/api-stack.ts","statementMap":{"0":{"start":{"line":1,"column":0},"end":{"line":1,"column":46}},"1":{"start":{"line":2,"column":0},"end":{"line":2,"column":49}},"2":{"start":{"line":3,"column":0},"end":{"line":3,"column":62}},"3":{"start":{"line":4,"column":0},"end":{"line":4,"column":49}},"4":{"start":{"line":5,"column":0},"end":{"line":5,"column":77}},"5":{"start":{"line":7,"column":0},"end":{"line":7,"column":29}},"6":{"start":{"line":9,"column":0},"end":{"line":9,"column":null}},"7":{"start":{"line":14,"column":0},"end":{"line":14,"column":85}},"8":{"start":{"line":18,"column":4},"end":{"line":18,"column":28}},"9":{"start":{"line":20,"column":19},"end":{"line":20,"column":40}},"10":{"start":{"line":21,"column":24},"end":{"line":21,"column":86}},"11":{"start":{"line":23,"column":30},"end":{"line":68,"column":6}},"12":{"start":{"line":58,"column":12},"end":{"line":58,"column":22}},"13":{"start":{"line":61,"column":12},"end":{"line":61,"column":63}},"14":{"start":{"line":64,"column":12},"end":{"line":64,"column":22}},"15":{"start":{"line":70,"column":4},"end":{"line":76,"column":6}},"16":{"start":{"line":78,"column":20},"end":{"line":99,"column":6}},"17":{"start":{"line":101,"column":4},"end":{"line":108,"column":7}},"18":{"start":{"line":110,"column":4},"end":{"line":117,"column":7}},"19":{"start":{"line":119,"column":4},"end":{"line":126,"column":7}},"20":{"start":{"line":16,"column":0},"end":{"line":16,"column":13}}},"fnMap":{"0":{"name":"(anonymous_6)","decl":{"start":{"line":17,"column":2},"end":{"line":17,"column":14}},"loc":{"start":{"line":17,"column":64},"end":{"line":127,"column":3}}},"1":{"name":"(anonymous_7)","decl":{"start":{"line":57,"column":10},"end":{"line":57,"column":24}},"loc":{"start":{"line":57,"column":24},"end":{"line":59,"column":11}}},"2":{"name":"(anonymous_8)","decl":{"start":{"line":60,"column":10},"end":{"line":60,"column":23}},"loc":{"start":{"line":60,"column":59},"end":{"line":62,"column":11}}},"3":{"name":"(anonymous_9)","decl":{"start":{"line":63,"column":10},"end":{"line":63,"column":23}},"loc":{"start":{"line":63,"column":23},"end":{"line":65,"column":11}}}},"branchMap":{},"s":{"0":1,"1":1,"2":1,"3":1,"4":1,"5":1,"6":1,"7":1,"8":1,"9":1,"10":1,"11":1,"12":2,"13":2,"14":0,"15":1,"16":1,"17":1,"18":1,"19":1,"20":1},"f":{"0":1,"1":2,"2":2,"3":0},"b":{}}
,"/Users/ty/Documents/Projects/vietaws/vietaws-meetup-10-cdk/backend/lib/database-stack.ts": {"path":"/Users/ty/Documents/Projects/vietaws/vietaws-meetup-10-cdk/backend/lib/database-stack.ts","statementMap":{"0":{"start":{"line":1,"column":0},"end":{"line":1,"column":62}},"1":{"start":{"line":3,"column":0},"end":{"line":3,"column":77}},"2":{"start":{"line":5,"column":15},"end":{"line":5,"column":32}},"3":{"start":{"line":8,"column":0},"end":{"line":8,"column":16}},"4":{"start":{"line":14,"column":4},"end":{"line":14,"column":28}},"5":{"start":{"line":16,"column":24},"end":{"line":25,"column":6}},"6":{"start":{"line":28,"column":4},"end":{"line":28,"column":139}},"7":{"start":{"line":29,"column":4},"end":{"line":29,"column":142}},"8":{"start":{"line":32,"column":4},"end":{"line":32,"column":47}},"9":{"start":{"line":10,"column":0},"end":{"line":10,"column":13}}},"fnMap":{"0":{"name":"(anonymous_0)","decl":{"start":{"line":13,"column":2},"end":{"line":13,"column":14}},"loc":{"start":{"line":13,"column":65},"end":{"line":33,"column":3}}}},"branchMap":{},"s":{"0":1,"1":1,"2":1,"3":1,"4":1,"5":1,"6":1,"7":1,"8":1,"9":1},"f":{"0":1},"b":{}}
}
