TN:
SF:lib/api-stack.ts
FN:17,(anonymous_6)
FN:57,(anonymous_7)
FN:60,(anonymous_8)
FN:63,(anonymous_9)
FNF:4
FNH:3
FNDA:1,(anonymous_6)
FNDA:2,(anonymous_7)
FNDA:2,(anonymous_8)
FNDA:0,(anonymous_9)
DA:1,1
DA:2,1
DA:3,1
DA:4,1
DA:5,1
DA:7,1
DA:9,1
DA:14,1
DA:16,1
DA:18,1
DA:20,1
DA:21,1
DA:23,1
DA:58,2
DA:61,2
DA:64,0
DA:70,1
DA:78,1
DA:101,1
DA:110,1
DA:119,1
LF:21
LH:20
BRF:0
BRH:0
end_of_record
TN:
SF:lib/database-stack.ts
FN:13,(anonymous_0)
FNF:1
FNH:1
FNDA:1,(anonymous_0)
DA:1,1
DA:3,1
DA:5,1
DA:8,1
DA:10,1
DA:14,1
DA:16,1
DA:28,1
DA:29,1
DA:32,1
LF:10
LH:10
BRF:0
BRH:0
end_of_record
