TN:
SF:lib\api-stack.ts
FN:20,(anonymous_6)
FNF:1
FNH:1
FNDA:1,(anonymous_6)
DA:1,1
DA:3,1
DA:4,1
DA:5,1
DA:6,1
DA:7,1
DA:8,1
DA:10,1
DA:11,1
DA:13,1
DA:14,1
DA:15,1
DA:17,1
DA:19,1
DA:21,1
DA:23,1
DA:24,1
DA:25,1
DA:26,1
DA:27,1
DA:33,1
DA:54,1
DA:68,1
DA:75,1
DA:83,1
DA:85,1
DA:89,1
DA:93,1
DA:97,1
DA:103,1
DA:118,1
DA:125,1
DA:133,1
DA:141,1
DA:143,1
DA:147,1
DA:151,1
DA:155,1
DA:161,1
DA:175,1
DA:183,1
DA:185,1
DA:194,1
DA:209,1
DA:216,1
DA:224,1
DA:232,1
DA:245,1
DA:254,1
DA:267,1
DA:270,1
DA:271,1
DA:274,1
DA:275,1
DA:276,1
DA:277,1
LF:56
LH:56
BRF:0
BRH:0
end_of_record
TN:
SF:lib\auth-stack.ts
FN:25,(anonymous_7)
FNF:1
FNH:1
FNDA:1,(anonymous_7)
DA:1,1
DA:3,1
DA:4,1
DA:12,1
DA:14,1
DA:15,1
DA:17,1
DA:18,1
DA:20,1
DA:22,1
DA:26,1
DA:28,1
DA:35,1
DA:52,1
DA:81,1
DA:88,1
DA:96,1
DA:104,1
DA:119,1
DA:120,1
DA:121,1
DA:127,1
LF:22
LH:22
BRF:0
BRH:0
end_of_record
TN:
SF:lib\database-stack.ts
FN:13,(anonymous_0)
FNF:1
FNH:1
FNDA:1,(anonymous_0)
DA:1,1
DA:3,1
DA:5,1
DA:8,1
DA:10,1
DA:14,1
DA:20,1
DA:34,1
DA:42,1
DA:58,1
DA:59,1
DA:65,1
LF:12
LH:12
BRF:0
BRH:0
end_of_record
TN:
SF:lib\messaging-stack.ts
FN:19,(anonymous_0)
FNF:1
FNH:1
FNDA:1,(anonymous_0)
DA:1,1
DA:3,1
DA:4,1
DA:5,1
DA:6,1
DA:7,1
DA:8,1
DA:10,1
DA:13,1
DA:15,1
DA:20,1
DA:27,1
DA:35,1
DA:39,1
DA:40,1
DA:48,1
DA:53,1
DA:58,1
DA:67,1
DA:74,1
DA:83,1
DA:89,1
DA:92,1
DA:93,1
DA:99,1
DA:100,1
LF:26
LH:26
BRDA:39,0,0,1
BRF:1
BRH:1
end_of_record
TN:
SF:lib\mfe-stack.ts
FN:26,(anonymous_0)
FNF:1
FNH:1
FNDA:1,(anonymous_0)
DA:1,1
DA:3,1
DA:4,1
DA:5,1
DA:6,1
DA:15,1
DA:16,1
DA:18,1
DA:20,1
DA:23,1
DA:25,1
DA:27,1
DA:30,1
DA:33,1
DA:38,1
DA:56,1
DA:65,1
DA:104,1
DA:106,0
DA:109,0
DA:118,1
DA:130,1
DA:142,1
DA:154,1
LF:24
LH:22
BRDA:30,0,0,1
BRDA:30,0,1,0
BRDA:95,1,0,0
BRDA:95,1,1,1
BRDA:104,2,0,0
BRF:5
BRH:2
end_of_record
TN:
SF:lib\emails\verificationEmail.ts
FNF:0
FNH:0
DA:1,1
DA:209,1
LF:2
LH:2
BRF:0
BRH:0
end_of_record
