{"D:\\Projects\\pecuniary\\infra\\lib\\api-stack.ts": {"path":"D:\\Projects\\pecuniary\\infra\\lib\\api-stack.ts","statementMap":{"0":{"start":{"line":1,"column":0},"end":{"line":1,"column":57}},"1":{"start":{"line":3,"column":0},"end":{"line":3,"column":51}},"2":{"start":{"line":4,"column":0},"end":{"line":4,"column":65}},"3":{"start":{"line":5,"column":0},"end":{"line":5,"column":62}},"4":{"start":{"line":6,"column":0},"end":{"line":6,"column":98}},"5":{"start":{"line":7,"column":0},"end":{"line":7,"column":56}},"6":{"start":{"line":8,"column":0},"end":{"line":8,"column":64}},"7":{"start":{"line":10,"column":15},"end":{"line":10,"column":32}},"8":{"start":{"line":11,"column":0},"end":{"line":11,"column":29}},"9":{"start":{"line":13,"column":0},"end":{"line":13,"column":44}},"10":{"start":{"line":14,"column":0},"end":{"line":14,"column":49}},"11":{"start":{"line":16,"column":0},"end":{"line":16,"column":16}},"12":{"start":{"line":20,"column":4},"end":{"line":20,"column":28}},"13":{"start":{"line":22,"column":19},"end":{"line":22,"column":40}},"14":{"start":{"line":23,"column":21},"end":{"line":23,"column":87}},"15":{"start":{"line":24,"column":22},"end":{"line":24,"column":82}},"16":{"start":{"line":25,"column":30},"end":{"line":25,"column":110}},"17":{"start":{"line":26,"column":21},"end":{"line":26,"column":89}},"18":{"start":{"line":32,"column":16},"end":{"line":46,"column":6}},"19":{"start":{"line":53,"column":37},"end":{"line":65,"column":6}},"20":{"start":{"line":67,"column":4},"end":{"line":73,"column":6}},"21":{"start":{"line":74,"column":4},"end":{"line":80,"column":6}},"22":{"start":{"line":82,"column":39},"end":{"line":82,"column":110}},"23":{"start":{"line":84,"column":4},"end":{"line":87,"column":7}},"24":{"start":{"line":88,"column":4},"end":{"line":91,"column":7}},"25":{"start":{"line":92,"column":4},"end":{"line":95,"column":7}},"26":{"start":{"line":96,"column":4},"end":{"line":99,"column":7}},"27":{"start":{"line":102,"column":40},"end":{"line":115,"column":6}},"28":{"start":{"line":117,"column":4},"end":{"line":123,"column":6}},"29":{"start":{"line":124,"column":4},"end":{"line":130,"column":6}},"30":{"start":{"line":132,"column":4},"end":{"line":138,"column":6}},"31":{"start":{"line":140,"column":43},"end":{"line":140,"column":121}},"32":{"start":{"line":142,"column":4},"end":{"line":145,"column":7}},"33":{"start":{"line":146,"column":4},"end":{"line":149,"column":7}},"34":{"start":{"line":150,"column":4},"end":{"line":153,"column":7}},"35":{"start":{"line":154,"column":4},"end":{"line":157,"column":7}},"36":{"start":{"line":160,"column":38},"end":{"line":172,"column":6}},"37":{"start":{"line":174,"column":4},"end":{"line":180,"column":6}},"38":{"start":{"line":182,"column":40},"end":{"line":182,"column":113}},"39":{"start":{"line":184,"column":4},"end":{"line":187,"column":7}},"40":{"start":{"line":193,"column":36},"end":{"line":206,"column":6}},"41":{"start":{"line":208,"column":4},"end":{"line":214,"column":6}},"42":{"start":{"line":215,"column":4},"end":{"line":221,"column":6}},"43":{"start":{"line":223,"column":4},"end":{"line":229,"column":6}},"44":{"start":{"line":231,"column":4},"end":{"line":237,"column":6}},"45":{"start":{"line":244,"column":38},"end":{"line":252,"column":6}},"46":{"start":{"line":253,"column":4},"end":{"line":259,"column":6}},"47":{"start":{"line":266,"column":4},"end":{"line":266,"column":68}},"48":{"start":{"line":269,"column":4},"end":{"line":269,"column":72}},"49":{"start":{"line":270,"column":4},"end":{"line":270,"column":102}},"50":{"start":{"line":273,"column":4},"end":{"line":273,"column":103}},"51":{"start":{"line":274,"column":4},"end":{"line":274,"column":111}},"52":{"start":{"line":275,"column":4},"end":{"line":275,"column":106}},"53":{"start":{"line":276,"column":4},"end":{"line":276,"column":102}},"54":{"start":{"line":18,"column":0},"end":{"line":18,"column":13}}},"fnMap":{"0":{"name":"(anonymous_6)","decl":{"start":{"line":19,"column":2},"end":{"line":19,"column":14}},"loc":{"start":{"line":19,"column":73},"end":{"line":277,"column":3}}}},"branchMap":{},"s":{"0":1,"1":1,"2":1,"3":1,"4":1,"5":1,"6":1,"7":1,"8":1,"9":1,"10":1,"11":1,"12":1,"13":1,"14":1,"15":1,"16":1,"17":1,"18":1,"19":1,"20":1,"21":1,"22":1,"23":1,"24":1,"25":1,"26":1,"27":1,"28":1,"29":1,"30":1,"31":1,"32":1,"33":1,"34":1,"35":1,"36":1,"37":1,"38":1,"39":1,"40":1,"41":1,"42":1,"43":1,"44":1,"45":1,"46":1,"47":1,"48":1,"49":1,"50":1,"51":1,"52":1,"53":1,"54":1},"f":{"0":1},"b":{}}
,"D:\\Projects\\pecuniary\\infra\\lib\\auth-stack.ts": {"path":"D:\\Projects\\pecuniary\\infra\\lib\\auth-stack.ts","statementMap":{"0":{"start":{"line":1,"column":0},"end":{"line":1,"column":72}},"1":{"start":{"line":3,"column":0},"end":{"line":3,"column":65}},"2":{"start":{"line":4,"column":0},"end":{"line":4,"column":null}},"3":{"start":{"line":12,"column":0},"end":{"line":12,"column":62}},"4":{"start":{"line":14,"column":15},"end":{"line":14,"column":32}},"5":{"start":{"line":15,"column":0},"end":{"line":15,"column":29}},"6":{"start":{"line":17,"column":0},"end":{"line":17,"column":69}},"7":{"start":{"line":19,"column":0},"end":{"line":19,"column":16}},"8":{"start":{"line":25,"column":4},"end":{"line":25,"column":28}},"9":{"start":{"line":27,"column":19},"end":{"line":27,"column":40}},"10":{"start":{"line":34,"column":43},"end":{"line":44,"column":6}},"11":{"start":{"line":51,"column":21},"end":{"line":77,"column":6}},"12":{"start":{"line":80,"column":4},"end":{"line":84,"column":7}},"13":{"start":{"line":87,"column":4},"end":{"line":92,"column":7}},"14":{"start":{"line":95,"column":27},"end":{"line":100,"column":6}},"15":{"start":{"line":103,"column":4},"end":{"line":112,"column":6}},"16":{"start":{"line":118,"column":4},"end":{"line":118,"column":130}},"17":{"start":{"line":119,"column":4},"end":{"line":119,"column":88}},"18":{"start":{"line":120,"column":4},"end":{"line":120,"column":117}},"19":{"start":{"line":126,"column":4},"end":{"line":126,"column":42}},"20":{"start":{"line":21,"column":0},"end":{"line":21,"column":13}}},"fnMap":{"0":{"name":"(anonymous_7)","decl":{"start":{"line":24,"column":2},"end":{"line":24,"column":14}},"loc":{"start":{"line":24,"column":74},"end":{"line":127,"column":3}}}},"branchMap":{},"s":{"0":1,"1":1,"2":1,"3":1,"4":1,"5":1,"6":1,"7":1,"8":1,"9":1,"10":1,"11":1,"12":1,"13":1,"14":1,"15":1,"16":1,"17":1,"18":1,"19":1,"20":1},"f":{"0":1},"b":{}}
,"D:\\Projects\\pecuniary\\infra\\lib\\ci-cd-stack.ts": {"path":"D:\\Projects\\pecuniary\\infra\\lib\\ci-cd-stack.ts","statementMap":{"0":{"start":{"line":1,"column":0},"end":{"line":1,"column":57}},"1":{"start":{"line":3,"column":0},"end":{"line":3,"column":115}},"2":{"start":{"line":8,"column":4},"end":{"line":8,"column":28}},"3":{"start":{"line":10,"column":25},"end":{"line":10,"column":62}},"4":{"start":{"line":11,"column":32},"end":{"line":11,"column":113}},"5":{"start":{"line":11,"column":66},"end":{"line":11,"column":112}},"6":{"start":{"line":14,"column":35},"end":{"line":18,"column":6}},"7":{"start":{"line":20,"column":27},"end":{"line":23,"column":6}},"8":{"start":{"line":25,"column":24},"end":{"line":31,"column":6}},"9":{"start":{"line":33,"column":4},"end":{"line":35,"column":7}},"10":{"start":{"line":6,"column":0},"end":{"line":6,"column":13}}},"fnMap":{"0":{"name":"(anonymous_0)","decl":{"start":{"line":7,"column":2},"end":{"line":7,"column":14}},"loc":{"start":{"line":7,"column":67},"end":{"line":36,"column":3}}},"1":{"name":"(anonymous_1)","decl":{"start":{"line":11,"column":59},"end":{"line":11,"column":60}},"loc":{"start":{"line":11,"column":66},"end":{"line":11,"column":112}}}},"branchMap":{"0":{"loc":{"start":{"line":11,"column":95},"end":{"line":11,"column":110}},"type":"binary-expr","locations":[{"start":{"line":11,"column":95},"end":{"line":11,"column":103}},{"start":{"line":11,"column":107},"end":{"line":11,"column":110}}]}},"s":{"0":1,"1":1,"2":1,"3":1,"4":1,"5":1,"6":1,"7":1,"8":1,"9":1,"10":1},"f":{"0":1,"1":1},"b":{"0":[1,1]}}
,"D:\\Projects\\pecuniary\\infra\\lib\\database-stack.ts": {"path":"D:\\Projects\\pecuniary\\infra\\lib\\database-stack.ts","statementMap":{"0":{"start":{"line":1,"column":0},"end":{"line":1,"column":62}},"1":{"start":{"line":3,"column":0},"end":{"line":3,"column":77}},"2":{"start":{"line":5,"column":15},"end":{"line":5,"column":32}},"3":{"start":{"line":8,"column":0},"end":{"line":8,"column":16}},"4":{"start":{"line":14,"column":4},"end":{"line":14,"column":28}},"5":{"start":{"line":20,"column":22},"end":{"line":32,"column":6}},"6":{"start":{"line":34,"column":4},"end":{"line":40,"column":7}},"7":{"start":{"line":42,"column":4},"end":{"line":52,"column":7}},"8":{"start":{"line":58,"column":4},"end":{"line":58,"column":133}},"9":{"start":{"line":59,"column":4},"end":{"line":59,"column":136}},"10":{"start":{"line":65,"column":4},"end":{"line":65,"column":43}},"11":{"start":{"line":10,"column":0},"end":{"line":10,"column":13}}},"fnMap":{"0":{"name":"(anonymous_0)","decl":{"start":{"line":13,"column":2},"end":{"line":13,"column":14}},"loc":{"start":{"line":13,"column":74},"end":{"line":66,"column":3}}}},"branchMap":{},"s":{"0":1,"1":1,"2":1,"3":1,"4":1,"5":1,"6":1,"7":1,"8":1,"9":1,"10":1,"11":1},"f":{"0":1},"b":{}}
,"D:\\Projects\\pecuniary\\infra\\lib\\messaging-stack.ts": {"path":"D:\\Projects\\pecuniary\\infra\\lib\\messaging-stack.ts","statementMap":{"0":{"start":{"line":1,"column":0},"end":{"line":1,"column":57}},"1":{"start":{"line":3,"column":0},"end":{"line":3,"column":44}},"2":{"start":{"line":4,"column":0},"end":{"line":4,"column":44}},"3":{"start":{"line":5,"column":0},"end":{"line":5,"column":70}},"4":{"start":{"line":6,"column":0},"end":{"line":6,"column":79}},"5":{"start":{"line":7,"column":0},"end":{"line":7,"column":50}},"6":{"start":{"line":8,"column":0},"end":{"line":8,"column":63}},"7":{"start":{"line":10,"column":15},"end":{"line":10,"column":32}},"8":{"start":{"line":13,"column":0},"end":{"line":13,"column":16}},"9":{"start":{"line":20,"column":4},"end":{"line":20,"column":28}},"10":{"start":{"line":27,"column":30},"end":{"line":29,"column":6}},"11":{"start":{"line":35,"column":30},"end":{"line":38,"column":6}},"12":{"start":{"line":39,"column":4},"end":{"line":41,"column":null}},"13":{"start":{"line":40,"column":6},"end":{"line":40,"column":94}},"14":{"start":{"line":48,"column":19},"end":{"line":51,"column":6}},"15":{"start":{"line":53,"column":4},"end":{"line":56,"column":7}},"16":{"start":{"line":58,"column":30},"end":{"line":66,"column":6}},"17":{"start":{"line":67,"column":4},"end":{"line":67,"column":71}},"18":{"start":{"line":74,"column":21},"end":{"line":76,"column":6}},"19":{"start":{"line":83,"column":4},"end":{"line":86,"column":7}},"20":{"start":{"line":89,"column":4},"end":{"line":89,"column":87}},"21":{"start":{"line":92,"column":4},"end":{"line":92,"column":133}},"22":{"start":{"line":93,"column":4},"end":{"line":93,"column":136}},"23":{"start":{"line":99,"column":4},"end":{"line":99,"column":59}},"24":{"start":{"line":100,"column":4},"end":{"line":100,"column":44}},"25":{"start":{"line":15,"column":0},"end":{"line":15,"column":13}}},"fnMap":{"0":{"name":"(anonymous_0)","decl":{"start":{"line":19,"column":2},"end":{"line":19,"column":14}},"loc":{"start":{"line":19,"column":79},"end":{"line":101,"column":3}}}},"branchMap":{"0":{"loc":{"start":{"line":39,"column":4},"end":{"line":41,"column":null}},"type":"if","locations":[{"start":{"line":39,"column":4},"end":{"line":41,"column":null}}]}},"s":{"0":1,"1":1,"2":1,"3":1,"4":1,"5":1,"6":1,"7":1,"8":1,"9":1,"10":1,"11":1,"12":1,"13":1,"14":1,"15":1,"16":1,"17":1,"18":1,"19":1,"20":1,"21":1,"22":1,"23":1,"24":1,"25":1},"f":{"0":1},"b":{"0":[1]}}
,"D:\\Projects\\pecuniary\\infra\\lib\\mfe-stack.ts": {"path":"D:\\Projects\\pecuniary\\infra\\lib\\mfe-stack.ts","statementMap":{"0":{"start":{"line":1,"column":0},"end":{"line":1,"column":61}},"1":{"start":{"line":3,"column":0},"end":{"line":3,"column":78}},"2":{"start":{"line":4,"column":0},"end":{"line":4,"column":109}},"3":{"start":{"line":5,"column":0},"end":{"line":5,"column":76}},"4":{"start":{"line":6,"column":0},"end":{"line":6,"column":null}},"5":{"start":{"line":15,"column":0},"end":{"line":15,"column":76}},"6":{"start":{"line":16,"column":0},"end":{"line":16,"column":67}},"7":{"start":{"line":18,"column":0},"end":{"line":18,"column":65}},"8":{"start":{"line":20,"column":15},"end":{"line":20,"column":32}},"9":{"start":{"line":23,"column":0},"end":{"line":23,"column":16}},"10":{"start":{"line":27,"column":4},"end":{"line":27,"column":28}},"11":{"start":{"line":30,"column":24},"end":{"line":30,"column":110}},"12":{"start":{"line":33,"column":26},"end":{"line":35,"column":6}},"13":{"start":{"line":38,"column":26},"end":{"line":53,"column":6}},"14":{"start":{"line":56,"column":4},"end":{"line":62,"column":6}},"15":{"start":{"line":65,"column":25},"end":{"line":102,"column":6}},"16":{"start":{"line":104,"column":4},"end":{"line":114,"column":null}},"17":{"start":{"line":106,"column":31},"end":{"line":108,"column":8}},"18":{"start":{"line":109,"column":6},"end":{"line":113,"column":9}},"19":{"start":{"line":118,"column":4},"end":{"line":129,"column":7}},"20":{"start":{"line":130,"column":4},"end":{"line":141,"column":7}},"21":{"start":{"line":142,"column":4},"end":{"line":153,"column":7}},"22":{"start":{"line":154,"column":4},"end":{"line":165,"column":7}},"23":{"start":{"line":25,"column":0},"end":{"line":25,"column":13}}},"fnMap":{"0":{"name":"(anonymous_0)","decl":{"start":{"line":26,"column":2},"end":{"line":26,"column":14}},"loc":{"start":{"line":26,"column":78},"end":{"line":166,"column":3}}}},"branchMap":{"0":{"loc":{"start":{"line":30,"column":76},"end":{"line":30,"column":109}},"type":"binary-expr","locations":[{"start":{"line":30,"column":76},"end":{"line":30,"column":103}},{"start":{"line":30,"column":107},"end":{"line":30,"column":109}}]},"1":{"loc":{"start":{"line":95,"column":8},"end":{"line":101,"column":21}},"type":"cond-expr","locations":[{"start":{"line":96,"column":12},"end":{"line":100,"column":14}},{"start":{"line":101,"column":12},"end":{"line":101,"column":21}}]},"2":{"loc":{"start":{"line":104,"column":4},"end":{"line":114,"column":null}},"type":"if","locations":[{"start":{"line":104,"column":4},"end":{"line":114,"column":null}}]}},"s":{"0":1,"1":1,"2":1,"3":1,"4":1,"5":1,"6":1,"7":1,"8":1,"9":1,"10":1,"11":1,"12":1,"13":1,"14":1,"15":1,"16":1,"17":0,"18":0,"19":1,"20":1,"21":1,"22":1,"23":1},"f":{"0":1},"b":{"0":[1,0],"1":[0,1],"2":[0]}}
,"D:\\Projects\\pecuniary\\infra\\lib\\emails\\verificationEmail.ts": {"path":"D:\\Projects\\pecuniary\\infra\\lib\\emails\\verificationEmail.ts","statementMap":{"0":{"start":{"line":1,"column":36},"end":{"line":207,"column":13}},"1":{"start":{"line":209,"column":0},"end":{"line":209,"column":43}}},"fnMap":{},"branchMap":{},"s":{"0":1,"1":1},"f":{},"b":{}}
}
