TN:
SF:lib\api-stack.ts
FN:19,(anonymous_6)
FNF:1
FNH:1
FNDA:1,(anonymous_6)
DA:1,1
DA:3,1
DA:4,1
DA:5,1
DA:6,1
DA:7,1
DA:8,1
DA:10,1
DA:11,1
DA:13,1
DA:14,1
DA:16,1
DA:18,1
DA:20,1
DA:22,1
DA:23,1
DA:24,1
DA:25,1
DA:26,1
DA:32,1
DA:53,1
DA:67,1
DA:74,1
DA:82,1
DA:84,1
DA:88,1
DA:92,1
DA:96,1
DA:102,1
DA:117,1
DA:124,1
DA:132,1
DA:140,1
DA:142,1
DA:146,1
DA:150,1
DA:154,1
DA:160,1
DA:174,1
DA:182,1
DA:184,1
DA:193,1
DA:208,1
DA:215,1
DA:223,1
DA:231,1
DA:244,1
DA:253,1
DA:266,1
DA:269,1
DA:270,1
DA:273,1
DA:274,1
DA:275,1
DA:276,1
LF:55
LH:55
BRF:0
BRH:0
end_of_record
TN:
SF:lib\auth-stack.ts
FN:24,(anonymous_7)
FNF:1
FNH:1
FNDA:1,(anonymous_7)
DA:1,1
DA:3,1
DA:4,1
DA:12,1
DA:14,1
DA:15,1
DA:17,1
DA:19,1
DA:21,1
DA:25,1
DA:27,1
DA:34,1
DA:51,1
DA:80,1
DA:87,1
DA:95,1
DA:103,1
DA:118,1
DA:119,1
DA:120,1
DA:126,1
LF:21
LH:21
BRF:0
BRH:0
end_of_record
TN:
SF:lib\ci-cd-stack.ts
FN:7,(anonymous_0)
FN:11,(anonymous_1)
FNF:2
FNH:2
FNDA:1,(anonymous_0)
FNDA:1,(anonymous_1)
DA:1,1
DA:3,1
DA:6,1
DA:8,1
DA:10,1
DA:11,1
DA:14,1
DA:20,1
DA:25,1
DA:33,1
LF:10
LH:10
BRDA:11,0,0,1
BRDA:11,0,1,1
BRF:2
BRH:2
end_of_record
TN:
SF:lib\database-stack.ts
FN:13,(anonymous_0)
FNF:1
FNH:1
FNDA:1,(anonymous_0)
DA:1,1
DA:3,1
DA:5,1
DA:8,1
DA:10,1
DA:14,1
DA:20,1
DA:34,1
DA:42,1
DA:58,1
DA:59,1
DA:65,1
LF:12
LH:12
BRF:0
BRH:0
end_of_record
TN:
SF:lib\messaging-stack.ts
FN:19,(anonymous_0)
FNF:1
FNH:1
FNDA:1,(anonymous_0)
DA:1,1
DA:3,1
DA:4,1
DA:5,1
DA:6,1
DA:7,1
DA:8,1
DA:10,1
DA:13,1
DA:15,1
DA:20,1
DA:27,1
DA:35,1
DA:39,1
DA:40,1
DA:48,1
DA:53,1
DA:58,1
DA:67,1
DA:74,1
DA:83,1
DA:89,1
DA:92,1
DA:93,1
DA:99,1
DA:100,1
LF:26
LH:26
BRDA:39,0,0,1
BRF:1
BRH:1
end_of_record
TN:
SF:lib\mfe-stack.ts
FN:26,(anonymous_0)
FNF:1
FNH:1
FNDA:1,(anonymous_0)
DA:1,1
DA:3,1
DA:4,1
DA:5,1
DA:6,1
DA:15,1
DA:16,1
DA:18,1
DA:20,1
DA:23,1
DA:25,1
DA:27,1
DA:30,1
DA:33,1
DA:38,1
DA:56,1
DA:65,1
DA:104,1
DA:106,0
DA:109,0
DA:118,1
DA:130,1
DA:142,1
DA:154,1
LF:24
LH:22
BRDA:30,0,0,1
BRDA:30,0,1,0
BRDA:95,1,0,0
BRDA:95,1,1,1
BRDA:104,2,0,0
BRF:5
BRH:2
end_of_record
TN:
SF:lib\emails\verificationEmail.ts
FNF:0
FNH:0
DA:1,1
DA:209,1
LF:2
LH:2
BRF:0
BRH:0
end_of_record
